<?xml version="1.0" encoding="UTF-8" ?>
<testsuite tests="20" failures="0" name="edu.wiu.gofish.GameTest" time="0.024" errors="0" skipped="0">
  <properties>
    <property name="java.runtime.name" value="OpenJDK Runtime Environment"/>
    <property name="java.vm.version" value="14.0.2+12-Ubuntu-120.04"/>
    <property name="sun.boot.library.path" value="/usr/lib/jvm/java-14-openjdk-amd64/lib"/>
    <property name="maven.multiModuleProjectDirectory" value="/home/eli/Documents/GitHub/go-fish"/>
    <property name="java.vm.vendor" value="Private Build"/>
    <property name="java.vendor.url" value="Unknown"/>
    <property name="guice.disable.misplaced.annotation.check" value="true"/>
    <property name="path.separator" value=":"/>
    <property name="java.vm.name" value="OpenJDK 64-Bit Server VM"/>
    <property name="user.country" value="US"/>
    <property name="sun.java.launcher" value="SUN_STANDARD"/>
    <property name="test" value="edu.wiu.gofish.GameTest"/>
    <property name="java.vm.specification.name" value="Java Virtual Machine Specification"/>
    <property name="user.dir" value="/home/eli/Documents/GitHub/go-fish"/>
    <property name="java.vm.compressedOopsMode" value="Zero based"/>
    <property name="java.runtime.version" value="14.0.2+12-Ubuntu-120.04"/>
    <property name="os.arch" value="amd64"/>
    <property name="java.io.tmpdir" value="/tmp"/>
    <property name="line.separator" value="
"/>
    <property name="java.vm.specification.vendor" value="Oracle Corporation"/>
    <property name="os.name" value="Linux"/>
    <property name="maven.ext.class.path" value="/home/eli/Documents/tools/netbeans-12.5/netbeans/java/maven-nblib/netbeans-eventspy.jar"/>
    <property name="classworlds.conf" value="/home/eli/Documents/tools/netbeans-12.5/netbeans/java/maven/bin/m2.conf"/>
    <property name="sun.jnu.encoding" value="UTF-8"/>
    <property name="java.library.path" value="/usr/java/packages/lib:/usr/lib/x86_64-linux-gnu/jni:/lib/x86_64-linux-gnu:/usr/lib/x86_64-linux-gnu:/usr/lib/jni:/lib:/usr/lib"/>
    <property name="maven.conf" value="/home/eli/Documents/tools/netbeans-12.5/netbeans/java/maven/conf"/>
    <property name="jdk.debug" value="release"/>
    <property name="java.class.version" value="58.0"/>
    <property name="java.specification.name" value="Java Platform API Specification"/>
    <property name="sun.management.compiler" value="HotSpot 64-Bit Tiered Compilers"/>
    <property name="os.version" value="5.13.0-40-generic"/>
    <property name="library.jansi.path" value="/home/eli/Documents/tools/netbeans-12.5/netbeans/java/maven/lib/jansi-native"/>
    <property name="user.home" value="/home/eli"/>
    <property name="user.timezone" value="America/Chicago"/>
    <property name="file.encoding" value="UTF-8"/>
    <property name="java.specification.version" value="14"/>
    <property name="user.name" value="eli"/>
    <property name="java.class.path" value="/home/eli/Documents/tools/netbeans-12.5/netbeans/java/maven/boot/plexus-classworlds-2.6.0.jar"/>
    <property name="java.vm.specification.version" value="14"/>
    <property name="sun.arch.data.model" value="64"/>
    <property name="sun.java.command" value="org.codehaus.plexus.classworlds.launcher.Launcher -Dtest=edu.wiu.gofish.GameTest -Dmaven.ext.class.path=/home/eli/Documents/tools/netbeans-12.5/netbeans/java/maven-nblib/netbeans-eventspy.jar surefire:test"/>
    <property name="java.home" value="/usr/lib/jvm/java-14-openjdk-amd64"/>
    <property name="user.language" value="en"/>
    <property name="java.specification.vendor" value="Oracle Corporation"/>
    <property name="java.vm.info" value="mixed mode, sharing"/>
    <property name="java.version" value="14.0.2"/>
    <property name="securerandom.source" value="file:/dev/./urandom"/>
    <property name="java.vendor" value="Private Build"/>
    <property name="maven.home" value="/home/eli/Documents/tools/netbeans-12.5/netbeans/java/maven"/>
    <property name="file.separator" value="/"/>
    <property name="java.version.date" value="2020-07-14"/>
    <property name="java.vendor.url.bug" value="Unknown"/>
    <property name="sun.io.unicode.encoding" value="UnicodeLittle"/>
    <property name="sun.cpu.endian" value="little"/>
  </properties>
  <testcase classname="edu.wiu.gofish.GameTest" name="testCheckGameOver" time="0.005"/>
  <testcase classname="edu.wiu.gofish.GameTest" name="testStartGame" time="0"/>
  <testcase classname="edu.wiu.gofish.GameTest" name="testGetPlayerCount" time="0.001"/>
  <testcase classname="edu.wiu.gofish.GameTest" name="testGetCurrentTurn" time="0"/>
  <testcase classname="edu.wiu.gofish.GameTest" name="testGetWhoAsked" time="0"/>
  <testcase classname="edu.wiu.gofish.GameTest" name="testGetDeck" time="0"/>
  <testcase classname="edu.wiu.gofish.GameTest" name="testGetFreq" time="0"/>
  <testcase classname="edu.wiu.gofish.GameTest" name="testGetCurrentPlayers" time="0"/>
  <testcase classname="edu.wiu.gofish.GameTest" name="testGetGameOver" time="0"/>
  <testcase classname="edu.wiu.gofish.GameTest" name="testGetPlayers" time="0"/>
  <testcase classname="edu.wiu.gofish.GameTest" name="testGetCurrentTurnName" time="0.001"/>
  <testcase classname="edu.wiu.gofish.GameTest" name="testCreateCard" time="0"/>
  <testcase classname="edu.wiu.gofish.GameTest" name="testGetCurrentTurnPlayer" time="0.001"/>
  <testcase classname="edu.wiu.gofish.GameTest" name="testCheckHand" time="0.008"/>
  <testcase classname="edu.wiu.gofish.GameTest" name="testGetImg" time="0"/>
  <testcase classname="edu.wiu.gofish.GameTest" name="testGoFish" time="0.001"/>
  <testcase classname="edu.wiu.gofish.GameTest" name="testGetPlayer" time="0"/>
  <testcase classname="edu.wiu.gofish.GameTest" name="testSetNextPlayerTurn" time="0.006"/>
  <testcase classname="edu.wiu.gofish.GameTest" name="testGetWinner" time="0"/>
  <testcase classname="edu.wiu.gofish.GameTest" name="testIsMatch" time="0.001"/>
</testsuite>